-- The CXX compiler identification is GNU 13.3.0
-- Detecting CXX compiler ABI info
-- Detecting CXX compiler ABI info - done
-- Check for working CXX compiler: /usr/bin/c++ - skipped
-- Detecting CXX compile features
-- Detecting CXX compile features - done
-- Performing Test CMAKE_HAVE_LIBC_PTHREAD
-- Performing Test CMAKE_HAVE_LIBC_PTHREAD - Success
-- Found Threads: TRUE
-- Performing Test HAVE_STDATOMIC
-- Performing Test HAVE_STDATOMIC - Success
-- Found WrapAtomic: TRUE
-- Found OpenGL: /usr/lib/x86_64-linux-gnu/libOpenGL.so
-- Found WrapOpenGL: TRUE
-- Found XKB: /usr/lib/x86_64-linux-gnu/libxkbcommon.so (found suitable version "1.6.0", minimum required is "0.5.0")
-- Could NOT find WrapVulkanHeaders (missing: Vulkan_INCLUDE_DIR) 
-- Could NOT find WrapVulkanHeaders (missing: Vulkan_INCLUDE_DIR) 
-- Could NOT find Qt6QuickEffects (missing: Qt6QuickEffects_DIR)
CMake Error at CMakeLists.txt:29 (find_package):
  Found package configuration file:

    /home/runner/work/Mukei/Qt/6.5.3/gcc_64/lib/cmake/Qt6/Qt6Config.cmake

  but it set Qt6_FOUND to FALSE so package "Qt6" is considered to be NOT
  FOUND.  Reason given by package:

  Failed to find required Qt component "QuickEffects".

  Expected Config file at
  "/home/runner/work/Mukei/Qt/6.5.3/gcc_64/lib/cmake/Qt6QuickEffects/Qt6QuickEffectsConfig.cmake"
  does NOT exist



  Configuring with --debug-find-pkg=Qt6QuickEffects might reveal details why
  the package was not found.

  Configuring with -DQT_DEBUG_FIND_PACKAGE=ON will print the values of some
  of the path variables that find_package uses to try and find the package.



-- Configuring incomplete, errors occurred!
exit_status=1
